  Main.cpp
c:\users\wei jing\documents\post_doc_mfm\mfm\mfm\pdfdis.h(37): warning C4267: 'initializing': conversion from 'size_t' to 'unsigned int', possible loss of data
c:\users\wei jing\documents\post_doc_mfm\mfm\mfm\params.h(81): warning C4267: 'initializing': conversion from 'size_t' to 'unsigned int', possible loss of data
c:\users\wei jing\documents\post_doc_mfm\mfm\mfm\params.h(162): warning C4267: 'return': conversion from 'size_t' to 'unsigned int', possible loss of data
c:\users\wei jing\documents\post_doc_mfm\mfm\mfm\params.h(166): warning C4244: 'return': conversion from 'Eigen::EigenBase<Derived>::Index' to 'unsigned int', possible loss of data
          with
          [
              Derived=Eigen::Matrix<double,-1,1,0,-1,1>
          ]
c:\users\wei jing\documents\post_doc_mfm\mfm\mfm\params.h(495): warning C4244: '=': conversion from 'double' to 'unsigned int', possible loss of data
c:\users\wei jing\documents\post_doc_mfm\mfm\mfm\randomdis.h(127): warning C4267: 'initializing': conversion from 'size_t' to 'unsigned int', possible loss of data
c:\users\wei jing\documents\post_doc_mfm\mfm\mfm\randomdis.h(147): warning C4244: 'initializing': conversion from 'Eigen::EigenBase<Derived>::Index' to 'unsigned int', possible loss of data
          with
          [
              Derived=Eigen::Matrix<double,-1,1,0,-1,1>
          ]
c:\users\wei jing\documents\post_doc_mfm\mfm\mfm\randomdis.h(168): warning C4244: 'initializing': conversion from 'Eigen::EigenBase<Derived>::Index' to 'unsigned int', possible loss of data
          with
          [
              Derived=Eigen::Matrix<double,-1,1,0,-1,1>
          ]
c:\users\wei jing\documents\post_doc_mfm\mfm\mfm\randomdis.h(199): warning C4244: 'initializing': conversion from 'Eigen::EigenBase<Derived>::Index' to 'unsigned int', possible loss of data
          with
          [
              Derived=Eigen::Matrix<double,-1,-1,0,-1,-1>
          ]
c:\users\wei jing\documents\post_doc_mfm\mfm\mfm\proposals.h(226): warning C4244: 'argument': conversion from 'double' to 'const int', possible loss of data
c:\users\wei jing\documents\post_doc_mfm\mfm\mfm\proposals.h(458): warning C4244: 'argument': conversion from 'double' to 'const int', possible loss of data
c:\users\wei jing\documents\post_doc_mfm\mfm\mfm\initializeparams.h(46): warning C4244: 'initializing': conversion from 'double' to 'int', possible loss of data
c:\users\wei jing\documents\post_doc_mfm\mfm\mfm\initializeparams.h(150): warning C4244: 'argument': conversion from 'double' to 'const int', possible loss of data
c:\users\wei jing\documents\post_doc_mfm\mfm\mfm\initializeparams.h(162): warning C4244: 'argument': conversion from 'double' to 'const int', possible loss of data
  MFM.vcxproj -> C:\Users\Wei Jing\Documents\post_doc_MFM\MFM\x64\Debug\MFM.exe
